This file contains any messages produced by compilers while
running configure, to aid debugging if configure makes a mistake.

It was created by configure, which was
generated by GNU Autoconf 2.61.  Invocation command line was

  $ ./configure --with-boost-libdir=/usr/lib/aarch64-linux-gnu

## --------- ##
## Platform. ##
## --------- ##

hostname = ubuntu
uname -m = aarch64
uname -r = 5.11.0-27-generic
uname -s = Linux
uname -v = #29~20.04.1-Ubuntu SMP Wed Aug 11 15:58:08 UTC 2021

/usr/bin/uname -p = aarch64
/bin/uname -X     = unknown

/bin/arch              = aarch64
/usr/bin/arch -k       = unknown
/usr/convex/getsysinfo = unknown
/usr/bin/hostinfo      = unknown
/bin/machine           = unknown
/usr/bin/oslevel       = unknown
/bin/universe          = unknown

PATH: /usr/local/sbin
PATH: /usr/local/bin
PATH: /usr/sbin
PATH: /usr/bin
PATH: /sbin
PATH: /bin
PATH: /usr/games
PATH: /usr/local/games
PATH: /snap/bin


## ----------- ##
## Core tests. ##
## ----------- ##

configure:1756: checking for a BSD-compatible install
configure:1812: result: /usr/bin/install -c
configure:1823: checking whether build environment is sane
configure:1866: result: yes
configure:1894: checking for a thread-safe mkdir -p
configure:1933: result: /usr/bin/mkdir -p
configure:1946: checking for gawk
configure:1976: result: no
configure:1946: checking for mawk
configure:1962: found /usr/bin/mawk
configure:1973: result: mawk
configure:1984: checking whether make sets $(MAKE)
configure:2005: result: yes
configure:2193: checking whether to enable maintainer-specific portions of Makefiles
configure:2202: result: no
configure:2273: checking for g++
configure:2289: found /usr/bin/g++
configure:2300: result: g++
configure:2331: checking for C++ compiler version
configure:2338: g++ --version >&5
g++ (Ubuntu 9.3.0-17ubuntu1~20.04) 9.3.0
Copyright (C) 2019 Free Software Foundation, Inc.
This is free software; see the source for copying conditions.  There is NO
warranty; not even for MERCHANTABILITY or FITNESS FOR A PARTICULAR PURPOSE.

configure:2341: $? = 0
configure:2348: g++ -v >&5
Using built-in specs.
COLLECT_GCC=g++
COLLECT_LTO_WRAPPER=/usr/lib/gcc/aarch64-linux-gnu/9/lto-wrapper
Target: aarch64-linux-gnu
Configured with: ../src/configure -v --with-pkgversion='Ubuntu 9.3.0-17ubuntu1~20.04' --with-bugurl=file:///usr/share/doc/gcc-9/README.Bugs --enable-languages=c,ada,c++,go,d,fortran,objc,obj-c++,gm2 --prefix=/usr --with-gcc-major-version-only --program-suffix=-9 --program-prefix=aarch64-linux-gnu- --enable-shared --enable-linker-build-id --libexecdir=/usr/lib --without-included-gettext --enable-threads=posix --libdir=/usr/lib --enable-nls --enable-clocale=gnu --enable-libstdcxx-debug --enable-libstdcxx-time=yes --with-default-libstdcxx-abi=new --enable-gnu-unique-object --disable-libquadmath --disable-libquadmath-support --enable-plugin --enable-default-pie --with-system-zlib --with-target-system-zlib=auto --enable-objc-gc=auto --enable-multiarch --enable-fix-cortex-a53-843419 --disable-werror --enable-checking=release --build=aarch64-linux-gnu --host=aarch64-linux-gnu --target=aarch64-linux-gnu
Thread model: posix
gcc version 9.3.0 (Ubuntu 9.3.0-17ubuntu1~20.04) 
configure:2351: $? = 0
configure:2358: g++ -V >&5
g++: error: unrecognized command line option '-V'
g++: fatal error: no input files
compilation terminated.
configure:2361: $? = 1
configure:2384: checking for C++ compiler default output file name
configure:2411: g++    conftest.cpp  >&5
configure:2414: $? = 0
configure:2452: result: a.out
configure:2469: checking whether the C++ compiler works
configure:2479: ./a.out
configure:2482: $? = 0
configure:2499: result: yes
configure:2506: checking whether we are cross compiling
configure:2508: result: no
configure:2511: checking for suffix of executables
configure:2518: g++ -o conftest    conftest.cpp  >&5
configure:2521: $? = 0
configure:2545: result: 
configure:2551: checking for suffix of object files
configure:2577: g++ -c   conftest.cpp >&5
configure:2580: $? = 0
configure:2603: result: o
configure:2607: checking whether we are using the GNU C++ compiler
configure:2636: g++ -c   conftest.cpp >&5
configure:2642: $? = 0
configure:2659: result: yes
configure:2664: checking whether g++ accepts -g
configure:2694: g++ -c -g  conftest.cpp >&5
configure:2700: $? = 0
configure:2799: result: yes
configure:2833: checking for style of include used by make
configure:2861: result: GNU
configure:2886: checking dependency style of g++
configure:2977: result: gcc3
configure:3035: checking for ranlib
configure:3051: found /usr/bin/ranlib
configure:3062: result: ranlib
configure:3139: checking for boostlib >= 1.33.1
configure:3203: g++ -c -g -O2  -I/usr/include conftest.cpp >&5
configure:3209: $? = 0
configure:3215: result: yes
configure:3435: checking for gcc
configure:3451: found /usr/bin/gcc
configure:3462: result: gcc
configure:3700: checking for C compiler version
configure:3707: gcc --version >&5
gcc (Ubuntu 9.3.0-17ubuntu1~20.04) 9.3.0
Copyright (C) 2019 Free Software Foundation, Inc.
This is free software; see the source for copying conditions.  There is NO
warranty; not even for MERCHANTABILITY or FITNESS FOR A PARTICULAR PURPOSE.

configure:3710: $? = 0
configure:3717: gcc -v >&5
Using built-in specs.
COLLECT_GCC=gcc
COLLECT_LTO_WRAPPER=/usr/lib/gcc/aarch64-linux-gnu/9/lto-wrapper
Target: aarch64-linux-gnu
Configured with: ../src/configure -v --with-pkgversion='Ubuntu 9.3.0-17ubuntu1~20.04' --with-bugurl=file:///usr/share/doc/gcc-9/README.Bugs --enable-languages=c,ada,c++,go,d,fortran,objc,obj-c++,gm2 --prefix=/usr --with-gcc-major-version-only --program-suffix=-9 --program-prefix=aarch64-linux-gnu- --enable-shared --enable-linker-build-id --libexecdir=/usr/lib --without-included-gettext --enable-threads=posix --libdir=/usr/lib --enable-nls --enable-clocale=gnu --enable-libstdcxx-debug --enable-libstdcxx-time=yes --with-default-libstdcxx-abi=new --enable-gnu-unique-object --disable-libquadmath --disable-libquadmath-support --enable-plugin --enable-default-pie --with-system-zlib --with-target-system-zlib=auto --enable-objc-gc=auto --enable-multiarch --enable-fix-cortex-a53-843419 --disable-werror --enable-checking=release --build=aarch64-linux-gnu --host=aarch64-linux-gnu --target=aarch64-linux-gnu
Thread model: posix
gcc version 9.3.0 (Ubuntu 9.3.0-17ubuntu1~20.04) 
configure:3720: $? = 0
configure:3727: gcc -V >&5
gcc: error: unrecognized command line option '-V'
gcc: fatal error: no input files
compilation terminated.
configure:3730: $? = 1
configure:3733: checking whether we are using the GNU C compiler
configure:3762: gcc -c   conftest.c >&5
configure:3768: $? = 0
configure:3785: result: yes
configure:3790: checking whether gcc accepts -g
configure:3820: gcc -c -g  conftest.c >&5
configure:3826: $? = 0
configure:3925: result: yes
configure:3942: checking for gcc option to accept ISO C89
configure:4016: gcc  -c -g -O2  conftest.c >&5
configure:4022: $? = 0
configure:4045: result: none needed
configure:4065: checking dependency style of gcc
configure:4156: result: gcc3
configure:4202: checking whether the Boost::Program_Options library is available
configure:4236: g++ -c -g -O2  -I/usr/include conftest.cpp >&5
configure:4242: $? = 0
configure:4264: result: yes
configure:4277: checking for exit in -lboost_program_options
configure:4312: gcc -o conftest -g -O2  -I/usr/include  -L/usr/lib/aarch64-linux-gnu conftest.c -lboost_program_options   >&5
conftest.c:19:6: warning: conflicting types for built-in function 'exit'; expected 'void(int)' [-Wbuiltin-declaration-mismatch]
   19 | char exit ();
      |      ^~~~
conftest.c:1:1: note: 'exit' is declared in header '<stdlib.h>'
    1 | /* confdefs.h.  */
configure:4318: $? = 0
configure:4337: result: yes
configure:4526: checking CXXFLAGS for maximum warnings
configure:4563: g++ -c -O3 -g -DNDEBUG -pedantic  -Wall  conftest.cpp >&5
configure:4569: $? = 0
configure:4593: result: -Wall
configure:4606: : CXXFLAGS="$CXXFLAGS $ac_cv_cxxflags_warn_all"
configure:4609: $? = 0
configure:4616: checking CXXFLAGS for gcc -Wextra
configure:4653: g++ -c -O3 -g -DNDEBUG -Wall -pedantic -Werror  -Wextra  conftest.cpp >&5
configure:4659: $? = 0
configure:4683: result: -Wextra
configure:4695: : CXXFLAGS="$CXXFLAGS $ac_cv_cxxflags_gcc_option__Wextra"
configure:4698: $? = 0
configure:4856: creating ./config.status

## ---------------------- ##
## Running config.status. ##
## ---------------------- ##

This file was extended by config.status, which was
generated by GNU Autoconf 2.61.  Invocation command line was

  CONFIG_FILES    = 
  CONFIG_HEADERS  = 
  CONFIG_LINKS    = 
  CONFIG_COMMANDS = 
  $ ./config.status 

on ubuntu

config.status:629: creating Makefile
config.status:629: creating src/Makefile
config.status:820: executing depfiles commands

## ---------------- ##
## Cache variables. ##
## ---------------- ##

ac_cv_c_compiler_gnu=yes
ac_cv_cxx_compiler_gnu=yes
ac_cv_cxxflags_gcc_option__Wextra=-Wextra
ac_cv_cxxflags_warn_all=-Wall
ac_cv_env_CCC_set=
ac_cv_env_CCC_value=
ac_cv_env_CC_set=
ac_cv_env_CC_value=
ac_cv_env_CFLAGS_set=
ac_cv_env_CFLAGS_value=
ac_cv_env_CPPFLAGS_set=
ac_cv_env_CPPFLAGS_value=
ac_cv_env_CXXFLAGS_set=
ac_cv_env_CXXFLAGS_value=
ac_cv_env_CXX_set=
ac_cv_env_CXX_value=
ac_cv_env_LDFLAGS_set=
ac_cv_env_LDFLAGS_value=
ac_cv_env_LIBS_set=
ac_cv_env_LIBS_value=
ac_cv_env_build_alias_set=
ac_cv_env_build_alias_value=
ac_cv_env_host_alias_set=
ac_cv_env_host_alias_value=
ac_cv_env_target_alias_set=
ac_cv_env_target_alias_value=
ac_cv_lib_boost_program_options___exit=yes
ac_cv_objext=o
ac_cv_path_install='/usr/bin/install -c'
ac_cv_path_mkdir=/usr/bin/mkdir
ac_cv_prog_AWK=mawk
ac_cv_prog_ac_ct_CC=gcc
ac_cv_prog_ac_ct_CXX=g++
ac_cv_prog_ac_ct_RANLIB=ranlib
ac_cv_prog_cc_c89=
ac_cv_prog_cc_g=yes
ac_cv_prog_cxx_g=yes
ac_cv_prog_make_make_set=yes
am_cv_CC_dependencies_compiler_type=gcc3
am_cv_CXX_dependencies_compiler_type=gcc3
ax_cv_boost_program_options=yes

## ----------------- ##
## Output variables. ##
## ----------------- ##

ACLOCAL='${SHELL} /home/nereo/Desktop/pomcp-1.0/missing --run aclocal-1.10'
AMDEPBACKSLASH='\'
AMDEP_FALSE='#'
AMDEP_TRUE=''
AMTAR='${SHELL} /home/nereo/Desktop/pomcp-1.0/missing --run tar'
AUTOCONF='${SHELL} /home/nereo/Desktop/pomcp-1.0/missing --run autoconf'
AUTOHEADER='${SHELL} /home/nereo/Desktop/pomcp-1.0/missing --run autoheader'
AUTOMAKE='${SHELL} /home/nereo/Desktop/pomcp-1.0/missing --run automake-1.10'
AWK='mawk'
BOOST_CPPFLAGS='-I/usr/include'
BOOST_LDFLAGS='-L/usr/lib/aarch64-linux-gnu'
BOOST_PROGRAM_OPTIONS_LIB='-lboost_program_options'
CC='gcc'
CCDEPMODE='depmode=gcc3'
CFLAGS='-g -O2'
CPPFLAGS=''
CXX='g++'
CXXDEPMODE='depmode=gcc3'
CXXFLAGS='-O3 -g -DNDEBUG -Wall -Wextra'
CYGPATH_W='echo'
DEFS='-DPACKAGE_NAME=\"\" -DPACKAGE_TARNAME=\"\" -DPACKAGE_VERSION=\"\" -DPACKAGE_STRING=\"\" -DPACKAGE_BUGREPORT=\"\" -DPACKAGE=\"pomcp\" -DVERSION=\"1.0\" -DHAVE_BOOST= -DHAVE_BOOST_PROGRAM_OPTIONS='
DEPDIR='.deps'
ECHO_C=''
ECHO_N='-n'
ECHO_T=''
EXEEXT=''
INSTALL_DATA='${INSTALL} -m 644'
INSTALL_PROGRAM='${INSTALL}'
INSTALL_SCRIPT='${INSTALL}'
INSTALL_STRIP_PROGRAM='$(install_sh) -c -s'
LDFLAGS=''
LIBOBJS=''
LIBS=''
LTLIBOBJS=''
MAINT='#'
MAINTAINER_MODE_FALSE=''
MAINTAINER_MODE_TRUE='#'
MAKEINFO='${SHELL} /home/nereo/Desktop/pomcp-1.0/missing --run makeinfo'
OBJEXT='o'
PACKAGE='pomcp'
PACKAGE_BUGREPORT=''
PACKAGE_NAME=''
PACKAGE_STRING=''
PACKAGE_TARNAME=''
PACKAGE_VERSION=''
PATH_SEPARATOR=':'
RANLIB='ranlib'
SET_MAKE=''
SHELL='/bin/bash'
STRIP=''
VERSION='1.0'
ac_ct_CC='gcc'
ac_ct_CXX='g++'
am__fastdepCC_FALSE='#'
am__fastdepCC_TRUE=''
am__fastdepCXX_FALSE='#'
am__fastdepCXX_TRUE=''
am__include='include'
am__isrc=''
am__leading_dot='.'
am__quote=''
am__tar='${AMTAR} chof - "$$tardir"'
am__untar='${AMTAR} xf -'
bindir='${exec_prefix}/bin'
build_alias=''
datadir='${datarootdir}'
datarootdir='${prefix}/share'
docdir='${datarootdir}/doc/${PACKAGE}'
dvidir='${docdir}'
exec_prefix='${prefix}'
host_alias=''
htmldir='${docdir}'
includedir='${prefix}/include'
infodir='${datarootdir}/info'
install_sh='$(SHELL) /home/nereo/Desktop/pomcp-1.0/install-sh'
libdir='${exec_prefix}/lib'
libexecdir='${exec_prefix}/libexec'
localedir='${datarootdir}/locale'
localstatedir='${prefix}/var'
mandir='${datarootdir}/man'
mkdir_p='/usr/bin/mkdir -p'
oldincludedir='/usr/include'
pdfdir='${docdir}'
prefix='/usr/local'
program_transform_name='s,x,x,'
psdir='${docdir}'
sbindir='${exec_prefix}/sbin'
sharedstatedir='${prefix}/com'
sysconfdir='${prefix}/etc'
target_alias=''

## ----------- ##
## confdefs.h. ##
## ----------- ##

#define PACKAGE_NAME ""
#define PACKAGE_TARNAME ""
#define PACKAGE_VERSION ""
#define PACKAGE_STRING ""
#define PACKAGE_BUGREPORT ""
#define PACKAGE "pomcp"
#define VERSION "1.0"
#define HAVE_BOOST
#define HAVE_BOOST_PROGRAM_OPTIONS

configure: exit 0
